[error] Failed to fetch Firebase Project from Studio Workspace because WORKSPACE_SLUG environment variable is empty
[error] Failed to fetch Firebase Project from Studio Workspace because WORKSPACE_SLUG environment variable is empty
[debug] [2025-10-15T14:36:34.730Z] Checked if tokens are valid: true, expires at: 1760542114480
[debug] [2025-10-15T14:36:34.730Z] Checked if tokens are valid: true, expires at: 1760542114480
[debug] [2025-10-15T14:36:34.731Z] Checked if tokens are valid: true, expires at: 1760542114480
[debug] [2025-10-15T14:36:34.731Z] Checked if tokens are valid: true, expires at: 1760542114480
[debug] [2025-10-15T14:36:34.731Z] Checked if tokens are valid: true, expires at: 1760542114480
[debug] [2025-10-15T14:36:34.732Z] Checked if tokens are valid: true, expires at: 1760542114480
[debug] [2025-10-15T14:36:34.732Z] Checked if tokens are valid: true, expires at: 1760542114480
[debug] [2025-10-15T14:36:34.732Z] Checked if tokens are valid: true, expires at: 1760542114480
[debug] [2025-10-15T14:36:34.733Z] Checked if tokens are valid: true, expires at: 1760542114480
[debug] [2025-10-15T14:36:34.733Z] Checked if tokens are valid: true, expires at: 1760542114480
[debug] [2025-10-15T14:36:34.733Z] Checked if tokens are valid: true, expires at: 1760542114480
[debug] [2025-10-15T14:36:34.734Z] Checked if tokens are valid: true, expires at: 1760542114480
[debug] [2025-10-15T14:36:34.734Z] Checked if tokens are valid: true, expires at: 1760542114480
[debug] [2025-10-15T14:36:34.734Z] Checked if tokens are valid: true, expires at: 1760542114480
[debug] [2025-10-15T14:36:34.734Z] Checked if tokens are valid: true, expires at: 1760542114480
[debug] [2025-10-15T14:36:34.734Z] Checked if tokens are valid: true, expires at: 1760542114480
[debug] [2025-10-15T14:36:34.736Z] >>> [apiv2][query] GET https://serviceusage.googleapis.com/v1/projects/entrestate-ecosystem/services/ [none]
[debug] [2025-10-15T14:36:34.736Z] >>> [apiv2][(partial)header] GET https://serviceusage.googleapis.com/v1/projects/entrestate-ecosystem/services/ x-goog-quota-user=projects/entrestate-ecosystem
[debug] [2025-10-15T14:36:34.768Z] >>> [apiv2][query] GET https://serviceusage.googleapis.com/v1/projects/entrestate-ecosystem/services/firebasedataconnect.googleapis.com [none]
[debug] [2025-10-15T14:36:34.769Z] >>> [apiv2][(partial)header] GET https://serviceusage.googleapis.com/v1/projects/entrestate-ecosystem/services/firebasedataconnect.googleapis.com x-goog-quota-user=projects/entrestate-ecosystem
[debug] [2025-10-15T14:36:34.771Z] >>> [apiv2][query] GET https://serviceusage.googleapis.com/v1/projects/entrestate-ecosystem/services/identitytoolkit.googleapis.com [none]
[debug] [2025-10-15T14:36:34.771Z] >>> [apiv2][(partial)header] GET https://serviceusage.googleapis.com/v1/projects/entrestate-ecosystem/services/identitytoolkit.googleapis.com x-goog-quota-user=projects/entrestate-ecosystem
[debug] [2025-10-15T14:36:34.774Z] >>> [apiv2][query] GET https://serviceusage.googleapis.com/v1/projects/entrestate-ecosystem/services/fcm.googleapis.com [none]
[debug] [2025-10-15T14:36:34.774Z] >>> [apiv2][(partial)header] GET https://serviceusage.googleapis.com/v1/projects/entrestate-ecosystem/services/fcm.googleapis.com x-goog-quota-user=projects/entrestate-ecosystem
[debug] [2025-10-15T14:36:34.776Z] >>> [apiv2][query] GET https://serviceusage.googleapis.com/v1/projects/entrestate-ecosystem/services/firebaseremoteconfig.googleapis.com [none]
[debug] [2025-10-15T14:36:34.776Z] >>> [apiv2][(partial)header] GET https://serviceusage.googleapis.com/v1/projects/entrestate-ecosystem/services/firebaseremoteconfig.googleapis.com x-goog-quota-user=projects/entrestate-ecosystem
[debug] [2025-10-15T14:36:34.778Z] >>> [apiv2][query] GET https://serviceusage.googleapis.com/v1/projects/entrestate-ecosystem/services/firebasecrashlytics.googleapis.com [none]
[debug] [2025-10-15T14:36:34.778Z] >>> [apiv2][(partial)header] GET https://serviceusage.googleapis.com/v1/projects/entrestate-ecosystem/services/firebasecrashlytics.googleapis.com x-goog-quota-user=projects/entrestate-ecosystem
[debug] [2025-10-15T14:36:34.780Z] >>> [apiv2][query] GET https://serviceusage.googleapis.com/v1/projects/entrestate-ecosystem/services/firebaseapphosting.googleapis.com [none]
[debug] [2025-10-15T14:36:34.780Z] >>> [apiv2][(partial)header] GET https://serviceusage.googleapis.com/v1/projects/entrestate-ecosystem/services/firebaseapphosting.googleapis.com x-goog-quota-user=projects/entrestate-ecosystem
[debug] [2025-10-15T14:36:34.782Z] >>> [apiv2][query] GET https://serviceusage.googleapis.com/v1/projects/entrestate-ecosystem/services/firebaseio.com [none]
[debug] [2025-10-15T14:36:34.782Z] >>> [apiv2][(partial)header] GET https://serviceusage.googleapis.com/v1/projects/entrestate-ecosystem/services/firebaseio.com x-goog-quota-user=projects/entrestate-ecosystem
[error] Failed to fetch Firebase Project from Studio Workspace because WORKSPACE_SLUG environment variable is empty
[error] Failed to fetch Firebase Project from Studio Workspace because WORKSPACE_SLUG environment variable is empty
[debug] [2025-10-15T14:36:34.864Z] Checked if tokens are valid: true, expires at: 1760542114480
[debug] [2025-10-15T14:36:34.865Z] Checked if tokens are valid: true, expires at: 1760542114480
[debug] [2025-10-15T14:36:34.865Z] Checked if tokens are valid: true, expires at: 1760542114480
[debug] [2025-10-15T14:36:34.865Z] Checked if tokens are valid: true, expires at: 1760542114480
[debug] [2025-10-15T14:36:34.866Z] Checked if tokens are valid: true, expires at: 1760542114480
[debug] [2025-10-15T14:36:34.866Z] Checked if tokens are valid: true, expires at: 1760542114480
[debug] [2025-10-15T14:36:34.866Z] Checked if tokens are valid: true, expires at: 1760542114480
[debug] [2025-10-15T14:36:34.866Z] Checked if tokens are valid: true, expires at: 1760542114480
[debug] [2025-10-15T14:36:34.867Z] Checked if tokens are valid: true, expires at: 1760542114480
[debug] [2025-10-15T14:36:34.867Z] Checked if tokens are valid: true, expires at: 1760542114480
[debug] [2025-10-15T14:36:34.867Z] Checked if tokens are valid: true, expires at: 1760542114480
[debug] [2025-10-15T14:36:34.867Z] Checked if tokens are valid: true, expires at: 1760542114480
[debug] [2025-10-15T14:36:34.868Z] Checked if tokens are valid: true, expires at: 1760542114480
[debug] [2025-10-15T14:36:34.868Z] Checked if tokens are valid: true, expires at: 1760542114480
[debug] [2025-10-15T14:36:34.868Z] Checked if tokens are valid: true, expires at: 1760542114480
[debug] [2025-10-15T14:36:34.868Z] Checked if tokens are valid: true, expires at: 1760542114480
[debug] [2025-10-15T14:36:34.870Z] >>> [apiv2][query] GET https://serviceusage.googleapis.com/v1/projects/entrestate-ecosystem/services/ [none]
[debug] [2025-10-15T14:36:34.871Z] >>> [apiv2][(partial)header] GET https://serviceusage.googleapis.com/v1/projects/entrestate-ecosystem/services/ x-goog-quota-user=projects/entrestate-ecosystem
[debug] [2025-10-15T14:36:34.873Z] >>> [apiv2][query] GET https://serviceusage.googleapis.com/v1/projects/entrestate-ecosystem/services/firebasedataconnect.googleapis.com [none]
[debug] [2025-10-15T14:36:34.874Z] >>> [apiv2][(partial)header] GET https://serviceusage.googleapis.com/v1/projects/entrestate-ecosystem/services/firebasedataconnect.googleapis.com x-goog-quota-user=projects/entrestate-ecosystem
[debug] [2025-10-15T14:36:34.877Z] >>> [apiv2][query] GET https://serviceusage.googleapis.com/v1/projects/entrestate-ecosystem/services/identitytoolkit.googleapis.com [none]
[debug] [2025-10-15T14:36:34.877Z] >>> [apiv2][(partial)header] GET https://serviceusage.googleapis.com/v1/projects/entrestate-ecosystem/services/identitytoolkit.googleapis.com x-goog-quota-user=projects/entrestate-ecosystem
[debug] [2025-10-15T14:36:34.880Z] >>> [apiv2][query] GET https://serviceusage.googleapis.com/v1/projects/entrestate-ecosystem/services/fcm.googleapis.com [none]
[debug] [2025-10-15T14:36:34.881Z] >>> [apiv2][(partial)header] GET https://serviceusage.googleapis.com/v1/projects/entrestate-ecosystem/services/fcm.googleapis.com x-goog-quota-user=projects/entrestate-ecosystem
[debug] [2025-10-15T14:36:34.883Z] >>> [apiv2][query] GET https://serviceusage.googleapis.com/v1/projects/entrestate-ecosystem/services/firebaseremoteconfig.googleapis.com [none]
[debug] [2025-10-15T14:36:34.884Z] >>> [apiv2][(partial)header] GET https://serviceusage.googleapis.com/v1/projects/entrestate-ecosystem/services/firebaseremoteconfig.googleapis.com x-goog-quota-user=projects/entrestate-ecosystem
[debug] [2025-10-15T14:36:34.886Z] >>> [apiv2][query] GET https://serviceusage.googleapis.com/v1/projects/entrestate-ecosystem/services/firebasecrashlytics.googleapis.com [none]
[debug] [2025-10-15T14:36:34.886Z] >>> [apiv2][(partial)header] GET https://serviceusage.googleapis.com/v1/projects/entrestate-ecosystem/services/firebasecrashlytics.googleapis.com x-goog-quota-user=projects/entrestate-ecosystem
[debug] [2025-10-15T14:36:34.888Z] >>> [apiv2][query] GET https://serviceusage.googleapis.com/v1/projects/entrestate-ecosystem/services/firebaseapphosting.googleapis.com [none]
[debug] [2025-10-15T14:36:34.888Z] >>> [apiv2][(partial)header] GET https://serviceusage.googleapis.com/v1/projects/entrestate-ecosystem/services/firebaseapphosting.googleapis.com x-goog-quota-user=projects/entrestate-ecosystem
[debug] [2025-10-15T14:36:34.891Z] >>> [apiv2][query] GET https://serviceusage.googleapis.com/v1/projects/entrestate-ecosystem/services/firebaseio.com [none]
[debug] [2025-10-15T14:36:34.891Z] >>> [apiv2][(partial)header] GET https://serviceusage.googleapis.com/v1/projects/entrestate-ecosystem/services/firebaseio.com x-goog-quota-user=projects/entrestate-ecosystem
[debug] [2025-10-15T14:36:35.600Z] <<< [apiv2][status] GET https://serviceusage.googleapis.com/v1/projects/entrestate-ecosystem/services/firebaseio.com 403
[debug] [2025-10-15T14:36:35.601Z] <<< [apiv2][body] GET https://serviceusage.googleapis.com/v1/projects/entrestate-ecosystem/services/firebaseio.com [omitted]
[debug] [2025-10-15T14:36:35.650Z] <<< [apiv2][status] GET https://serviceusage.googleapis.com/v1/projects/entrestate-ecosystem/services/firebaseio.com 403
[debug] [2025-10-15T14:36:35.650Z] <<< [apiv2][body] GET https://serviceusage.googleapis.com/v1/projects/entrestate-ecosystem/services/firebaseio.com [omitted]
[debug] [2025-10-15T14:36:35.664Z] <<< [apiv2][status] GET https://serviceusage.googleapis.com/v1/projects/entrestate-ecosystem/services/firebaseremoteconfig.googleapis.com 200
[debug] [2025-10-15T14:36:35.664Z] <<< [apiv2][body] GET https://serviceusage.googleapis.com/v1/projects/entrestate-ecosystem/services/firebaseremoteconfig.googleapis.com [omitted]
[debug] [2025-10-15T14:36:35.829Z] <<< [apiv2][status] GET https://serviceusage.googleapis.com/v1/projects/entrestate-ecosystem/services/ 200
[debug] [2025-10-15T14:36:35.829Z] <<< [apiv2][body] GET https://serviceusage.googleapis.com/v1/projects/entrestate-ecosystem/services/ [omitted]
[debug] [2025-10-15T14:36:35.864Z] <<< [apiv2][status] GET https://serviceusage.googleapis.com/v1/projects/entrestate-ecosystem/services/identitytoolkit.googleapis.com 200
[debug] [2025-10-15T14:36:35.864Z] <<< [apiv2][body] GET https://serviceusage.googleapis.com/v1/projects/entrestate-ecosystem/services/identitytoolkit.googleapis.com [omitted]
[debug] [2025-10-15T14:36:35.875Z] <<< [apiv2][status] GET https://serviceusage.googleapis.com/v1/projects/entrestate-ecosystem/services/firebaseremoteconfig.googleapis.com 200
[debug] [2025-10-15T14:36:35.876Z] <<< [apiv2][body] GET https://serviceusage.googleapis.com/v1/projects/entrestate-ecosystem/services/firebaseremoteconfig.googleapis.com [omitted]
[debug] [2025-10-15T14:36:35.887Z] <<< [apiv2][status] GET https://serviceusage.googleapis.com/v1/projects/entrestate-ecosystem/services/fcm.googleapis.com 200
[debug] [2025-10-15T14:36:35.888Z] <<< [apiv2][body] GET https://serviceusage.googleapis.com/v1/projects/entrestate-ecosystem/services/fcm.googleapis.com [omitted]
[debug] [2025-10-15T14:36:35.896Z] <<< [apiv2][status] GET https://serviceusage.googleapis.com/v1/projects/entrestate-ecosystem/services/firebaseapphosting.googleapis.com 200
[debug] [2025-10-15T14:36:35.897Z] <<< [apiv2][body] GET https://serviceusage.googleapis.com/v1/projects/entrestate-ecosystem/services/firebaseapphosting.googleapis.com [omitted]
[debug] [2025-10-15T14:36:35.915Z] <<< [apiv2][status] GET https://serviceusage.googleapis.com/v1/projects/entrestate-ecosystem/services/firebasecrashlytics.googleapis.com 200
[debug] [2025-10-15T14:36:35.915Z] <<< [apiv2][body] GET https://serviceusage.googleapis.com/v1/projects/entrestate-ecosystem/services/firebasecrashlytics.googleapis.com [omitted]
[debug] [2025-10-15T14:36:35.926Z] <<< [apiv2][status] GET https://serviceusage.googleapis.com/v1/projects/entrestate-ecosystem/services/firebasedataconnect.googleapis.com 200
[debug] [2025-10-15T14:36:35.927Z] <<< [apiv2][body] GET https://serviceusage.googleapis.com/v1/projects/entrestate-ecosystem/services/firebasedataconnect.googleapis.com [omitted]
[debug] [2025-10-15T14:36:35.932Z] <<< [apiv2][status] GET https://serviceusage.googleapis.com/v1/projects/entrestate-ecosystem/services/firebaseapphosting.googleapis.com 200
[debug] [2025-10-15T14:36:35.932Z] <<< [apiv2][body] GET https://serviceusage.googleapis.com/v1/projects/entrestate-ecosystem/services/firebaseapphosting.googleapis.com [omitted]
[debug] [2025-10-15T14:36:35.942Z] <<< [apiv2][status] GET https://serviceusage.googleapis.com/v1/projects/entrestate-ecosystem/services/fcm.googleapis.com 200
[debug] [2025-10-15T14:36:35.942Z] <<< [apiv2][body] GET https://serviceusage.googleapis.com/v1/projects/entrestate-ecosystem/services/fcm.googleapis.com [omitted]
[debug] [2025-10-15T14:36:35.954Z] <<< [apiv2][status] GET https://serviceusage.googleapis.com/v1/projects/entrestate-ecosystem/services/firebasecrashlytics.googleapis.com 200
[debug] [2025-10-15T14:36:35.954Z] <<< [apiv2][body] GET https://serviceusage.googleapis.com/v1/projects/entrestate-ecosystem/services/firebasecrashlytics.googleapis.com [omitted]
[debug] [2025-10-15T14:36:35.954Z] <<< [apiv2][status] GET https://serviceusage.googleapis.com/v1/projects/entrestate-ecosystem/services/firebasedataconnect.googleapis.com 200
[debug] [2025-10-15T14:36:35.955Z] <<< [apiv2][body] GET https://serviceusage.googleapis.com/v1/projects/entrestate-ecosystem/services/firebasedataconnect.googleapis.com [omitted]
[debug] [2025-10-15T14:36:35.958Z] <<< [apiv2][status] GET https://serviceusage.googleapis.com/v1/projects/entrestate-ecosystem/services/identitytoolkit.googleapis.com 200
[debug] [2025-10-15T14:36:35.958Z] <<< [apiv2][body] GET https://serviceusage.googleapis.com/v1/projects/entrestate-ecosystem/services/identitytoolkit.googleapis.com [omitted]
[debug] [2025-10-15T14:36:35.972Z] <<< [apiv2][status] GET https://serviceusage.googleapis.com/v1/projects/entrestate-ecosystem/services/ 200
[debug] [2025-10-15T14:36:35.972Z] <<< [apiv2][body] GET https://serviceusage.googleapis.com/v1/projects/entrestate-ecosystem/services/ [omitted]
[error] Failed to fetch Firebase Project from Studio Workspace because WORKSPACE_SLUG environment variable is empty
[error] Failed to fetch Firebase Project from Studio Workspace because WORKSPACE_SLUG environment variable is empty
[debug] [2025-10-15T14:36:36.004Z] > command requires scopes: ["email","openid","https://www.googleapis.com/auth/cloudplatformprojects.readonly","https://www.googleapis.com/auth/firebase","https://www.googleapis.com/auth/cloud-platform","https://www.googleapis.com/auth/userinfo.email"]
[debug] [2025-10-15T14:36:36.006Z] > authorizing via signed-in user (ezz@entrestate.com)
[error] Failed to fetch Firebase Project from Studio Workspace because WORKSPACE_SLUG environment variable is empty
[error] Failed to fetch Firebase Project from Studio Workspace because WORKSPACE_SLUG environment variable is empty
[error] Failed to fetch Firebase Project from Studio Workspace because WORKSPACE_SLUG environment variable is empty
[debug] [2025-10-15T14:36:36.068Z] > command requires scopes: ["email","openid","https://www.googleapis.com/auth/cloudplatformprojects.readonly","https://www.googleapis.com/auth/firebase","https://www.googleapis.com/auth/cloud-platform","https://www.googleapis.com/auth/userinfo.email"]
[debug] [2025-10-15T14:36:36.069Z] > authorizing via signed-in user (ezz@entrestate.com)
[error] Failed to fetch Firebase Project from Studio Workspace because WORKSPACE_SLUG environment variable is empty
[debug] [2025-10-15T14:36:36.076Z] > command requires scopes: ["email","openid","https://www.googleapis.com/auth/cloudplatformprojects.readonly","https://www.googleapis.com/auth/firebase","https://www.googleapis.com/auth/cloud-platform","https://www.googleapis.com/auth/userinfo.email"]
[debug] [2025-10-15T14:36:36.076Z] > authorizing via signed-in user (ezz@entrestate.com)
[error] Failed to fetch Firebase Project from Studio Workspace because WORKSPACE_SLUG environment variable is empty
[error] Failed to fetch Firebase Project from Studio Workspace because WORKSPACE_SLUG environment variable is empty
[debug] [2025-10-15T16:02:28.460Z] Checked if tokens are valid: false, expires at: 1760542114480
[debug] [2025-10-15T16:02:28.460Z] Checked if tokens are valid: false, expires at: 1760542114480
[debug] [2025-10-15T16:02:28.460Z] > refreshing access token with scopes: []
[debug] [2025-10-15T16:02:28.463Z] >>> [apiv2][query] POST https://www.googleapis.com/oauth2/v3/token [none]
[debug] [2025-10-15T16:02:28.463Z] >>> [apiv2][body] POST https://www.googleapis.com/oauth2/v3/token [omitted]
[debug] [2025-10-15T16:02:28.516Z] Checked if tokens are valid: false, expires at: 1760542114480
[debug] [2025-10-15T16:02:28.516Z] Checked if tokens are valid: false, expires at: 1760542114480
[debug] [2025-10-15T16:02:28.517Z] > refreshing access token with scopes: []
[debug] [2025-10-15T16:02:28.517Z] >>> [apiv2][query] POST https://www.googleapis.com/oauth2/v3/token [none]
[debug] [2025-10-15T16:02:28.517Z] >>> [apiv2][body] POST https://www.googleapis.com/oauth2/v3/token [omitted]
[debug] [2025-10-15T16:02:28.520Z] Checked if tokens are valid: false, expires at: 1760542114480
[debug] [2025-10-15T16:02:28.521Z] Checked if tokens are valid: false, expires at: 1760542114480
[debug] [2025-10-15T16:02:28.521Z] > refreshing access token with scopes: []
[debug] [2025-10-15T16:02:28.522Z] >>> [apiv2][query] POST https://www.googleapis.com/oauth2/v3/token [none]
[debug] [2025-10-15T16:02:28.522Z] >>> [apiv2][body] POST https://www.googleapis.com/oauth2/v3/token [omitted]
[debug] [2025-10-15T16:02:28.524Z] Checked if tokens are valid: false, expires at: 1760542114480
[debug] [2025-10-15T16:02:28.524Z] Checked if tokens are valid: false, expires at: 1760542114480
[debug] [2025-10-15T16:02:28.525Z] > refreshing access token with scopes: []
[debug] [2025-10-15T16:02:28.525Z] >>> [apiv2][query] POST https://www.googleapis.com/oauth2/v3/token [none]
[debug] [2025-10-15T16:02:28.525Z] >>> [apiv2][body] POST https://www.googleapis.com/oauth2/v3/token [omitted]
[error] Failed to fetch Firebase Project from Studio Workspace because WORKSPACE_SLUG environment variable is empty
[error] Failed to fetch Firebase Project from Studio Workspace because WORKSPACE_SLUG environment variable is empty
[debug] [2025-10-15T16:02:28.591Z] Checked if tokens are valid: false, expires at: 1760542114480
[debug] [2025-10-15T16:02:28.591Z] Checked if tokens are valid: false, expires at: 1760542114480
[debug] [2025-10-15T16:02:28.591Z] > refreshing access token with scopes: []
[debug] [2025-10-15T16:02:28.591Z] >>> [apiv2][query] POST https://www.googleapis.com/oauth2/v3/token [none]
[debug] [2025-10-15T16:02:28.592Z] >>> [apiv2][body] POST https://www.googleapis.com/oauth2/v3/token [omitted]
[debug] [2025-10-15T16:02:28.594Z] Checked if tokens are valid: false, expires at: 1760542114480
[debug] [2025-10-15T16:02:28.594Z] Checked if tokens are valid: false, expires at: 1760542114480
[debug] [2025-10-15T16:02:28.594Z] > refreshing access token with scopes: []
[debug] [2025-10-15T16:02:28.594Z] >>> [apiv2][query] POST https://www.googleapis.com/oauth2/v3/token [none]
[debug] [2025-10-15T16:02:28.594Z] >>> [apiv2][body] POST https://www.googleapis.com/oauth2/v3/token [omitted]
[debug] [2025-10-15T16:02:28.597Z] Checked if tokens are valid: false, expires at: 1760542114480
[debug] [2025-10-15T16:02:28.597Z] Checked if tokens are valid: false, expires at: 1760542114480
[debug] [2025-10-15T16:02:28.597Z] > refreshing access token with scopes: []
[debug] [2025-10-15T16:02:28.597Z] >>> [apiv2][query] POST https://www.googleapis.com/oauth2/v3/token [none]
[debug] [2025-10-15T16:02:28.598Z] >>> [apiv2][body] POST https://www.googleapis.com/oauth2/v3/token [omitted]
[debug] [2025-10-15T16:02:28.599Z] Checked if tokens are valid: false, expires at: 1760542114480
[debug] [2025-10-15T16:02:28.600Z] Checked if tokens are valid: false, expires at: 1760542114480
[debug] [2025-10-15T16:02:28.600Z] > refreshing access token with scopes: []
[debug] [2025-10-15T16:02:28.600Z] >>> [apiv2][query] POST https://www.googleapis.com/oauth2/v3/token [none]
[debug] [2025-10-15T16:02:28.600Z] >>> [apiv2][body] POST https://www.googleapis.com/oauth2/v3/token [omitted]
[debug] [2025-10-15T16:02:28.644Z] <<< [apiv2][status] POST https://www.googleapis.com/oauth2/v3/token 200
[debug] [2025-10-15T16:02:28.644Z] <<< [apiv2][body] POST https://www.googleapis.com/oauth2/v3/token [omitted]
[debug] [2025-10-15T16:02:28.665Z] >>> [apiv2][query] GET https://serviceusage.googleapis.com/v1/projects/entrestate-ecosystem/services/firebasedataconnect.googleapis.com [none]
[debug] [2025-10-15T16:02:28.665Z] >>> [apiv2][(partial)header] GET https://serviceusage.googleapis.com/v1/projects/entrestate-ecosystem/services/firebasedataconnect.googleapis.com x-goog-quota-user=projects/entrestate-ecosystem
[debug] [2025-10-15T16:02:28.686Z] <<< [apiv2][status] POST https://www.googleapis.com/oauth2/v3/token 200
[debug] [2025-10-15T16:02:28.686Z] <<< [apiv2][body] POST https://www.googleapis.com/oauth2/v3/token [omitted]
[debug] [2025-10-15T16:02:28.701Z] >>> [apiv2][query] GET https://serviceusage.googleapis.com/v1/projects/entrestate-ecosystem/services/ [none]
[debug] [2025-10-15T16:02:28.701Z] >>> [apiv2][(partial)header] GET https://serviceusage.googleapis.com/v1/projects/entrestate-ecosystem/services/ x-goog-quota-user=projects/entrestate-ecosystem
[debug] [2025-10-15T16:02:28.704Z] <<< [apiv2][status] POST https://www.googleapis.com/oauth2/v3/token 200
[debug] [2025-10-15T16:02:28.704Z] <<< [apiv2][body] POST https://www.googleapis.com/oauth2/v3/token [omitted]
[debug] [2025-10-15T16:02:28.714Z] >>> [apiv2][query] GET https://serviceusage.googleapis.com/v1/projects/entrestate-ecosystem/services/firebaseio.com [none]
[debug] [2025-10-15T16:02:28.715Z] >>> [apiv2][(partial)header] GET https://serviceusage.googleapis.com/v1/projects/entrestate-ecosystem/services/firebaseio.com x-goog-quota-user=projects/entrestate-ecosystem
[debug] [2025-10-15T16:02:28.729Z] <<< [apiv2][status] POST https://www.googleapis.com/oauth2/v3/token 200
[debug] [2025-10-15T16:02:28.730Z] <<< [apiv2][body] POST https://www.googleapis.com/oauth2/v3/token [omitted]
[debug] [2025-10-15T16:02:28.748Z] >>> [apiv2][query] GET https://serviceusage.googleapis.com/v1/projects/entrestate-ecosystem/services/firebasecrashlytics.googleapis.com [none]
[debug] [2025-10-15T16:02:28.748Z] >>> [apiv2][(partial)header] GET https://serviceusage.googleapis.com/v1/projects/entrestate-ecosystem/services/firebasecrashlytics.googleapis.com x-goog-quota-user=projects/entrestate-ecosystem
[debug] [2025-10-15T16:02:28.768Z] <<< [apiv2][status] POST https://www.googleapis.com/oauth2/v3/token 200
[debug] [2025-10-15T16:02:28.769Z] <<< [apiv2][body] POST https://www.googleapis.com/oauth2/v3/token [omitted]
[debug] [2025-10-15T16:02:28.783Z] >>> [apiv2][query] GET https://serviceusage.googleapis.com/v1/projects/entrestate-ecosystem/services/firebasedataconnect.googleapis.com [none]
[debug] [2025-10-15T16:02:28.783Z] >>> [apiv2][(partial)header] GET https://serviceusage.googleapis.com/v1/projects/entrestate-ecosystem/services/firebasedataconnect.googleapis.com x-goog-quota-user=projects/entrestate-ecosystem
[debug] [2025-10-15T16:02:28.792Z] <<< [apiv2][status] POST https://www.googleapis.com/oauth2/v3/token 200
[debug] [2025-10-15T16:02:28.792Z] <<< [apiv2][body] POST https://www.googleapis.com/oauth2/v3/token [omitted]
[debug] [2025-10-15T16:02:28.805Z] >>> [apiv2][query] GET https://serviceusage.googleapis.com/v1/projects/entrestate-ecosystem/services/firebaseio.com [none]
[debug] [2025-10-15T16:02:28.806Z] >>> [apiv2][(partial)header] GET https://serviceusage.googleapis.com/v1/projects/entrestate-ecosystem/services/firebaseio.com x-goog-quota-user=projects/entrestate-ecosystem
[debug] [2025-10-15T16:02:28.808Z] <<< [apiv2][status] POST https://www.googleapis.com/oauth2/v3/token 200
[debug] [2025-10-15T16:02:28.808Z] <<< [apiv2][body] POST https://www.googleapis.com/oauth2/v3/token [omitted]
[debug] [2025-10-15T16:02:28.818Z] >>> [apiv2][query] GET https://serviceusage.googleapis.com/v1/projects/entrestate-ecosystem/services/firebasecrashlytics.googleapis.com [none]
[debug] [2025-10-15T16:02:28.818Z] >>> [apiv2][(partial)header] GET https://serviceusage.googleapis.com/v1/projects/entrestate-ecosystem/services/firebasecrashlytics.googleapis.com x-goog-quota-user=projects/entrestate-ecosystem
[debug] [2025-10-15T16:02:28.834Z] <<< [apiv2][status] POST https://www.googleapis.com/oauth2/v3/token 200
[debug] [2025-10-15T16:02:28.834Z] <<< [apiv2][body] POST https://www.googleapis.com/oauth2/v3/token [omitted]
[debug] [2025-10-15T16:02:28.850Z] >>> [apiv2][query] GET https://serviceusage.googleapis.com/v1/projects/entrestate-ecosystem/services/ [none]
[debug] [2025-10-15T16:02:28.850Z] >>> [apiv2][(partial)header] GET https://serviceusage.googleapis.com/v1/projects/entrestate-ecosystem/services/ x-goog-quota-user=projects/entrestate-ecosystem
[debug] [2025-10-15T16:02:29.446Z] <<< [apiv2][status] GET https://serviceusage.googleapis.com/v1/projects/entrestate-ecosystem/services/firebaseio.com 403
[debug] [2025-10-15T16:02:29.447Z] <<< [apiv2][body] GET https://serviceusage.googleapis.com/v1/projects/entrestate-ecosystem/services/firebaseio.com [omitted]
[debug] [2025-10-15T16:02:29.537Z] <<< [apiv2][status] GET https://serviceusage.googleapis.com/v1/projects/entrestate-ecosystem/services/firebaseio.com 403
[debug] [2025-10-15T16:02:29.537Z] <<< [apiv2][body] GET https://serviceusage.googleapis.com/v1/projects/entrestate-ecosystem/services/firebaseio.com [omitted]
[debug] [2025-10-15T16:02:29.561Z] <<< [apiv2][status] GET https://serviceusage.googleapis.com/v1/projects/entrestate-ecosystem/services/firebasedataconnect.googleapis.com 200
[debug] [2025-10-15T16:02:29.561Z] <<< [apiv2][body] GET https://serviceusage.googleapis.com/v1/projects/entrestate-ecosystem/services/firebasedataconnect.googleapis.com [omitted]
[debug] [2025-10-15T16:02:29.615Z] <<< [apiv2][status] GET https://serviceusage.googleapis.com/v1/projects/entrestate-ecosystem/services/firebasecrashlytics.googleapis.com 200
[debug] [2025-10-15T16:02:29.615Z] <<< [apiv2][body] GET https://serviceusage.googleapis.com/v1/projects/entrestate-ecosystem/services/firebasecrashlytics.googleapis.com [omitted]
[debug] [2025-10-15T16:02:29.681Z] <<< [apiv2][status] GET https://serviceusage.googleapis.com/v1/projects/entrestate-ecosystem/services/firebasedataconnect.googleapis.com 200
[debug] [2025-10-15T16:02:29.681Z] <<< [apiv2][body] GET https://serviceusage.googleapis.com/v1/projects/entrestate-ecosystem/services/firebasedataconnect.googleapis.com [omitted]
[debug] [2025-10-15T16:02:29.696Z] <<< [apiv2][status] GET https://serviceusage.googleapis.com/v1/projects/entrestate-ecosystem/services/firebasecrashlytics.googleapis.com 200
[debug] [2025-10-15T16:02:29.696Z] <<< [apiv2][body] GET https://serviceusage.googleapis.com/v1/projects/entrestate-ecosystem/services/firebasecrashlytics.googleapis.com [omitted]
[debug] [2025-10-15T16:02:29.907Z] <<< [apiv2][status] GET https://serviceusage.googleapis.com/v1/projects/entrestate-ecosystem/services/ 200
[debug] [2025-10-15T16:02:29.907Z] <<< [apiv2][body] GET https://serviceusage.googleapis.com/v1/projects/entrestate-ecosystem/services/ [omitted]
[error] Failed to fetch Firebase Project from Studio Workspace because WORKSPACE_SLUG environment variable is empty
[error] Failed to fetch Firebase Project from Studio Workspace because WORKSPACE_SLUG environment variable is empty
[debug] [2025-10-15T16:02:29.922Z] > command requires scopes: ["email","openid","https://www.googleapis.com/auth/cloudplatformprojects.readonly","https://www.googleapis.com/auth/firebase","https://www.googleapis.com/auth/cloud-platform","https://www.googleapis.com/auth/userinfo.email"]
[debug] [2025-10-15T16:02:29.922Z] > authorizing via signed-in user (ezz@entrestate.com)
[debug] [2025-10-15T16:02:29.978Z] <<< [apiv2][status] GET https://serviceusage.googleapis.com/v1/projects/entrestate-ecosystem/services/ 200
[debug] [2025-10-15T16:02:29.979Z] <<< [apiv2][body] GET https://serviceusage.googleapis.com/v1/projects/entrestate-ecosystem/services/ [omitted]
[error] Failed to fetch Firebase Project from Studio Workspace because WORKSPACE_SLUG environment variable is empty
[error] Failed to fetch Firebase Project from Studio Workspace because WORKSPACE_SLUG environment variable is empty
[debug] [2025-10-15T16:11:16.057Z] Checked if tokens are valid: true, expires at: 1760547747836
[debug] [2025-10-15T16:11:16.058Z] Checked if tokens are valid: true, expires at: 1760547747836
[debug] [2025-10-15T16:11:16.066Z] Checked if tokens are valid: true, expires at: 1760547747836
[debug] [2025-10-15T16:11:16.067Z] Checked if tokens are valid: true, expires at: 1760547747836
[debug] [2025-10-15T16:11:16.068Z] Checked if tokens are valid: true, expires at: 1760547747836
[debug] [2025-10-15T16:11:16.078Z] Checked if tokens are valid: true, expires at: 1760547747836
[debug] [2025-10-15T16:11:16.079Z] Checked if tokens are valid: true, expires at: 1760547747836
[debug] [2025-10-15T16:11:16.079Z] Checked if tokens are valid: true, expires at: 1760547747836
[debug] [2025-10-15T16:11:16.084Z] >>> [apiv2][query] GET https://serviceusage.googleapis.com/v1/projects/entrestate-ecosystem/services/ [none]
[debug] [2025-10-15T16:11:16.092Z] >>> [apiv2][(partial)header] GET https://serviceusage.googleapis.com/v1/projects/entrestate-ecosystem/services/ x-goog-quota-user=projects/entrestate-ecosystem
[debug] [2025-10-15T16:11:16.416Z] >>> [apiv2][query] GET https://serviceusage.googleapis.com/v1/projects/entrestate-ecosystem/services/firebasedataconnect.googleapis.com [none]
[debug] [2025-10-15T16:11:16.416Z] >>> [apiv2][(partial)header] GET https://serviceusage.googleapis.com/v1/projects/entrestate-ecosystem/services/firebasedataconnect.googleapis.com x-goog-quota-user=projects/entrestate-ecosystem
[debug] [2025-10-15T16:11:16.431Z] >>> [apiv2][query] GET https://serviceusage.googleapis.com/v1/projects/entrestate-ecosystem/services/firebasecrashlytics.googleapis.com [none]
[debug] [2025-10-15T16:11:16.431Z] >>> [apiv2][(partial)header] GET https://serviceusage.googleapis.com/v1/projects/entrestate-ecosystem/services/firebasecrashlytics.googleapis.com x-goog-quota-user=projects/entrestate-ecosystem
[debug] [2025-10-15T16:11:16.452Z] >>> [apiv2][query] GET https://serviceusage.googleapis.com/v1/projects/entrestate-ecosystem/services/firebaseio.com [none]
[debug] [2025-10-15T16:11:16.452Z] >>> [apiv2][(partial)header] GET https://serviceusage.googleapis.com/v1/projects/entrestate-ecosystem/services/firebaseio.com x-goog-quota-user=projects/entrestate-ecosystem
[error] Failed to fetch Firebase Project from Studio Workspace because WORKSPACE_SLUG environment variable is empty
[error] Failed to fetch Firebase Project from Studio Workspace because WORKSPACE_SLUG environment variable is empty
[debug] [2025-10-15T16:11:16.724Z] Checked if tokens are valid: true, expires at: 1760547747836
[debug] [2025-10-15T16:11:16.724Z] Checked if tokens are valid: true, expires at: 1760547747836
[debug] [2025-10-15T16:11:16.730Z] Checked if tokens are valid: true, expires at: 1760547747836
[debug] [2025-10-15T16:11:16.730Z] Checked if tokens are valid: true, expires at: 1760547747836
[debug] [2025-10-15T16:11:16.733Z] Checked if tokens are valid: true, expires at: 1760547747836
[debug] [2025-10-15T16:11:16.733Z] Checked if tokens are valid: true, expires at: 1760547747836
[debug] [2025-10-15T16:11:16.734Z] Checked if tokens are valid: true, expires at: 1760547747836
[debug] [2025-10-15T16:11:16.734Z] Checked if tokens are valid: true, expires at: 1760547747836
[debug] [2025-10-15T16:11:16.734Z] >>> [apiv2][query] GET https://serviceusage.googleapis.com/v1/projects/entrestate-ecosystem/services/ [none]
[debug] [2025-10-15T16:11:16.734Z] >>> [apiv2][(partial)header] GET https://serviceusage.googleapis.com/v1/projects/entrestate-ecosystem/services/ x-goog-quota-user=projects/entrestate-ecosystem
[debug] [2025-10-15T16:11:16.745Z] >>> [apiv2][query] GET https://serviceusage.googleapis.com/v1/projects/entrestate-ecosystem/services/firebasedataconnect.googleapis.com [none]
[debug] [2025-10-15T16:11:16.745Z] >>> [apiv2][(partial)header] GET https://serviceusage.googleapis.com/v1/projects/entrestate-ecosystem/services/firebasedataconnect.googleapis.com x-goog-quota-user=projects/entrestate-ecosystem
[debug] [2025-10-15T16:11:16.752Z] >>> [apiv2][query] GET https://serviceusage.googleapis.com/v1/projects/entrestate-ecosystem/services/firebasecrashlytics.googleapis.com [none]
[debug] [2025-10-15T16:11:16.752Z] >>> [apiv2][(partial)header] GET https://serviceusage.googleapis.com/v1/projects/entrestate-ecosystem/services/firebasecrashlytics.googleapis.com x-goog-quota-user=projects/entrestate-ecosystem
[debug] [2025-10-15T16:11:16.765Z] >>> [apiv2][query] GET https://serviceusage.googleapis.com/v1/projects/entrestate-ecosystem/services/firebaseio.com [none]
[debug] [2025-10-15T16:11:16.765Z] >>> [apiv2][(partial)header] GET https://serviceusage.googleapis.com/v1/projects/entrestate-ecosystem/services/firebaseio.com x-goog-quota-user=projects/entrestate-ecosystem
[debug] [2025-10-15T16:11:17.369Z] <<< [apiv2][status] GET https://serviceusage.googleapis.com/v1/projects/entrestate-ecosystem/services/firebaseio.com 403
[debug] [2025-10-15T16:11:17.371Z] <<< [apiv2][body] GET https://serviceusage.googleapis.com/v1/projects/entrestate-ecosystem/services/firebaseio.com [omitted]
[debug] [2025-10-15T16:11:17.508Z] <<< [apiv2][status] GET https://serviceusage.googleapis.com/v1/projects/entrestate-ecosystem/services/firebaseio.com 403
[debug] [2025-10-15T16:11:17.508Z] <<< [apiv2][body] GET https://serviceusage.googleapis.com/v1/projects/entrestate-ecosystem/services/firebaseio.com [omitted]
[debug] [2025-10-15T16:11:17.558Z] <<< [apiv2][status] GET https://serviceusage.googleapis.com/v1/projects/entrestate-ecosystem/services/firebasecrashlytics.googleapis.com 200
[debug] [2025-10-15T16:11:17.563Z] <<< [apiv2][body] GET https://serviceusage.googleapis.com/v1/projects/entrestate-ecosystem/services/firebasecrashlytics.googleapis.com [omitted]
[debug] [2025-10-15T16:11:17.571Z] <<< [apiv2][status] GET https://serviceusage.googleapis.com/v1/projects/entrestate-ecosystem/services/firebasedataconnect.googleapis.com 200
[debug] [2025-10-15T16:11:17.571Z] <<< [apiv2][body] GET https://serviceusage.googleapis.com/v1/projects/entrestate-ecosystem/services/firebasedataconnect.googleapis.com [omitted]
[debug] [2025-10-15T16:11:17.653Z] <<< [apiv2][status] GET https://serviceusage.googleapis.com/v1/projects/entrestate-ecosystem/services/firebasedataconnect.googleapis.com 200
[debug] [2025-10-15T16:11:17.654Z] <<< [apiv2][body] GET https://serviceusage.googleapis.com/v1/projects/entrestate-ecosystem/services/firebasedataconnect.googleapis.com [omitted]
[debug] [2025-10-15T16:11:17.680Z] <<< [apiv2][status] GET https://serviceusage.googleapis.com/v1/projects/entrestate-ecosystem/services/firebasecrashlytics.googleapis.com 200
[debug] [2025-10-15T16:11:17.681Z] <<< [apiv2][body] GET https://serviceusage.googleapis.com/v1/projects/entrestate-ecosystem/services/firebasecrashlytics.googleapis.com [omitted]
[debug] [2025-10-15T16:11:17.850Z] <<< [apiv2][status] GET https://serviceusage.googleapis.com/v1/projects/entrestate-ecosystem/services/ 200
[debug] [2025-10-15T16:11:17.852Z] <<< [apiv2][body] GET https://serviceusage.googleapis.com/v1/projects/entrestate-ecosystem/services/ [omitted]
[debug] [2025-10-15T16:11:17.954Z] <<< [apiv2][status] GET https://serviceusage.googleapis.com/v1/projects/entrestate-ecosystem/services/ 200
[debug] [2025-10-15T16:11:17.958Z] <<< [apiv2][body] GET https://serviceusage.googleapis.com/v1/projects/entrestate-ecosystem/services/ [omitted]
[error] Failed to fetch Firebase Project from Studio Workspace because WORKSPACE_SLUG environment variable is empty
[error] Failed to fetch Firebase Project from Studio Workspace because WORKSPACE_SLUG environment variable is empty
[debug] [2025-10-15T16:11:17.996Z] > command requires scopes: ["email","openid","https://www.googleapis.com/auth/cloudplatformprojects.readonly","https://www.googleapis.com/auth/firebase","https://www.googleapis.com/auth/cloud-platform","https://www.googleapis.com/auth/userinfo.email"]
[debug] [2025-10-15T16:11:18.001Z] > authorizing via signed-in user (ezz@entrestate.com)
[error] Failed to fetch Firebase Project from Studio Workspace because WORKSPACE_SLUG environment variable is empty
[error] Failed to fetch Firebase Project from Studio Workspace because WORKSPACE_SLUG environment variable is empty
[error] Failed to fetch Firebase Project from Studio Workspace because WORKSPACE_SLUG environment variable is empty
[debug] [2025-10-15T16:11:18.118Z] > command requires scopes: ["email","openid","https://www.googleapis.com/auth/cloudplatformprojects.readonly","https://www.googleapis.com/auth/firebase","https://www.googleapis.com/auth/cloud-platform","https://www.googleapis.com/auth/userinfo.email"]
[debug] [2025-10-15T16:11:18.119Z] > authorizing via signed-in user (ezz@entrestate.com)
[error] Failed to fetch Firebase Project from Studio Workspace because WORKSPACE_SLUG environment variable is empty
[debug] [2025-10-15T16:11:18.170Z] > command requires scopes: ["email","openid","https://www.googleapis.com/auth/cloudplatformprojects.readonly","https://www.googleapis.com/auth/firebase","https://www.googleapis.com/auth/cloud-platform","https://www.googleapis.com/auth/userinfo.email"]
[debug] [2025-10-15T16:11:18.170Z] > authorizing via signed-in user (ezz@entrestate.com)
